  Camera.cpp
  Collider.cpp
D:\Projects\Physics Engine\Physics-Engine\Physics-Engine\Engine\Components\Collider.cpp(25,53): warning C4267: 'initializing': conversion from 'size_t' to 'int', possible loss of data
D:\Projects\Physics Engine\Physics-Engine\Physics-Engine\Engine\Components\Collider.cpp(38,53): warning C4267: 'initializing': conversion from 'size_t' to 'int', possible loss of data
D:\Projects\Physics Engine\Physics-Engine\Physics-Engine\Engine\Components\Collider.cpp(99,41): warning C4267: 'initializing': conversion from 'size_t' to 'int', possible loss of data
D:\Projects\Physics Engine\Physics-Engine\Physics-Engine\Engine\Components\Collider.cpp(112,47): warning C4267: 'initializing': conversion from 'size_t' to 'int', possible loss of data
D:\Projects\Physics Engine\Physics-Engine\Physics-Engine\Engine\Components\Collider.cpp(182,43): warning C4267: 'initializing': conversion from 'size_t' to 'int', possible loss of data
  DirectionalLight.cpp
D:\Projects\Physics Engine\Physics-Engine\Physics-Engine\Engine\Components\DirectionalLight.cpp(79,63): warning C4244: 'argument': conversion from 'float' to 'GLsizei', possible loss of data
D:\Projects\Physics Engine\Physics-Engine\Physics-Engine\Engine\Components\DirectionalLight.cpp(79,34): warning C4244: 'argument': conversion from 'float' to 'GLsizei', possible loss of data
  PointLight.cpp
D:\Projects\Physics Engine\Physics-Engine\Physics-Engine\Engine\Components\PointLight.cpp(123,63): warning C4244: 'argument': conversion from 'float' to 'GLsizei', possible loss of data
D:\Projects\Physics Engine\Physics-Engine\Physics-Engine\Engine\Components\PointLight.cpp(123,34): warning C4244: 'argument': conversion from 'float' to 'GLsizei', possible loss of data
  Transform.cpp
D:\Projects\Physics Engine\Physics-Engine\Physics-Engine\Engine\Components\Transform.cpp(74,36): warning C4244: 'initializing': conversion from 'double' to 'float', possible loss of data
  ViewModel.cpp
D:\Projects\Physics Engine\Physics-Engine\Physics-Engine\Engine\Components\ViewModel.cpp(37,34): warning C4267: 'initializing': conversion from 'size_t' to 'int', possible loss of data
D:\Projects\Physics Engine\Physics-Engine\Physics-Engine\Engine\Components\ViewModel.cpp(191,39): warning C4267: '=': conversion from 'size_t' to 'GLuint', possible loss of data
D:\Projects\Physics Engine\Physics-Engine\Physics-Engine\Engine\Components\ViewModel.cpp(203,39): warning C4267: '=': conversion from 'size_t' to 'GLuint', possible loss of data
  Engine.cpp
D:\Projects\Physics Engine\Physics-Engine\Physics-Engine\Engine\Engine.cpp(36,17): warning C4244: '=': conversion from 'int' to 'float', possible loss of data
D:\Projects\Physics Engine\Physics-Engine\Physics-Engine\Engine\Engine.cpp(37,18): warning C4244: '=': conversion from 'int' to 'float', possible loss of data
D:\Projects\Physics Engine\Physics-Engine\Physics-Engine\Engine\Engine.cpp(76,29): warning C4244: '=': conversion from 'double' to 'float', possible loss of data
D:\Projects\Physics Engine\Physics-Engine\Physics-Engine\Engine\Engine.cpp(77,24): warning C4244: '=': conversion from 'double' to 'float', possible loss of data
  Component.cpp
  Object.cpp
  Scene.cpp
  main.cpp
  Generating Code...
  LINK : D:\Projects\Physics Engine\Physics-Engine\x64\Debug\Physics-Engine.exe not found or not built by the last incremental link; performing full link
glew32s.lib(glew.obj) : warning LNK4099: PDB '' was not found with 'glew32s.lib(glew.obj)' or at ''; linking object as if no debug info
LINK : warning LNK4098: defaultlib 'MSVCRT' conflicts with use of other libs; use /NODEFAULTLIB:library
LINK : warning LNK4098: defaultlib 'LIBCMT' conflicts with use of other libs; use /NODEFAULTLIB:library
  Physics-Engine.vcxproj -> D:\Projects\Physics Engine\Physics-Engine\x64\Debug\Physics-Engine.exe
