d:\projects\physics engine\physics-engine\physics-engine\x64\release\vc142.pdb
d:\projects\physics engine\physics-engine\physics-engine\x64\release\main.obj
d:\projects\physics engine\physics-engine\physics-engine\x64\release\scene.obj
d:\projects\physics engine\physics-engine\physics-engine\x64\release\object.obj
d:\projects\physics engine\physics-engine\physics-engine\x64\release\component.obj
d:\projects\physics engine\physics-engine\physics-engine\x64\release\engine.obj
d:\projects\physics engine\physics-engine\physics-engine\x64\release\viewmodel.obj
d:\projects\physics engine\physics-engine\physics-engine\x64\release\transform.obj
d:\projects\physics engine\physics-engine\physics-engine\x64\release\camera.obj
d:\projects\physics engine\physics-engine\physics-engine\x64\release\shaders.obj
d:\projects\physics engine\physics-engine\physics-engine\x64\release\fileloading.obj
d:\projects\physics engine\physics-engine\physics-engine\x64\release\collider.obj
d:\projects\physics engine\physics-engine\physics-engine\x64\release\vc143.pdb
d:\projects\physics engine\physics-engine\physics-engine\x64\release\pointlight.obj
d:\projects\physics engine\physics-engine\physics-engine\x64\release\directionallight.obj
d:\projects\physics engine\physics-engine\physics-engine\x64\release\audiolistener.obj
d:\projects\physics engine\physics-engine\physics-engine\x64\release\audiosource.obj
d:\projects\physics engine\physics-engine\physics-engine\x64\release\button.obj
d:\projects\physics engine\physics-engine\physics-engine\x64\release\text.obj
d:\projects\physics engine\physics-engine\physics-engine\x64\release\scrollbar.obj
d:\projects\physics engine\physics-engine\physics-engine\x64\release\dropdown.obj
d:\projects\physics engine\physics-engine\physics-engine\x64\release\particlesystem.obj
d:\projects\physics engine\physics-engine\x64\release\physics-engine.exe
d:\projects\physics engine\physics-engine\physics-engine\x64\release\physics-engine.ipdb
d:\projects\physics engine\physics-engine\x64\release\physics-engine.pdb
d:\projects\physics engine\physics-engine\physics-engine\x64\release\physics-engine.iobj
d:\projects\physics engine\physics-engine\physics-engine\x64\release\allcomponents.obj
d:\projects\physics engine\physics-engine\physics-engine\x64\release\physics-engine.tlog\cl.command.1.tlog
d:\projects\physics engine\physics-engine\physics-engine\x64\release\physics-engine.tlog\cl.read.1.tlog
d:\projects\physics engine\physics-engine\physics-engine\x64\release\physics-engine.tlog\cl.write.1.tlog
d:\projects\physics engine\physics-engine\physics-engine\x64\release\physics-engine.tlog\link.command.1.tlog
d:\projects\physics engine\physics-engine\physics-engine\x64\release\physics-engine.tlog\link.read.1.tlog
d:\projects\physics engine\physics-engine\physics-engine\x64\release\physics-engine.tlog\link.write.1.tlog
